Using pre-set license
Built from '2020.3/release' branch; Version is '2020.3.15f2 (6cf78cb77498) revision 7141260'; Using compiler version '192528614'; Build Type 'Release'
OS: 'Windows 10 Home; OS build 19042.1415; Version 2009; 64bit' Language: 'en' Physical Memory: 16300 MB
BatchMode: 1, IsHumanControllingUs: 0, StartBugReporterOnCrash: 0, Is64bit: 1, IsPro: 0

 COMMAND LINE ARGUMENTS:
C:\Program Files\Unity\Hub\Editor\2020.3.15f2\Editor\Unity.exe
-adb2
-batchMode
-noUpm
-name
AssetImportWorker0
-projectPath
C:/Users/EKAJ/Documents/FYP/GitHub Folder/Wild-Ireland-FYP/Wild-Ireland-FYP-JakeBolger
-logFile
Logs/AssetImportWorker0.log
-srvPort
63466
Successfully changed project path to: C:/Users/EKAJ/Documents/FYP/GitHub Folder/Wild-Ireland-FYP/Wild-Ireland-FYP-JakeBolger
C:/Users/EKAJ/Documents/FYP/GitHub Folder/Wild-Ireland-FYP/Wild-Ireland-FYP-JakeBolger
Using Asset Import Pipeline V2.
Refreshing native plugins compatible for Editor in 25.00 ms, found 2 plugins.
Preloading 0 native plugins for Editor in 0.00 ms.
Initialize engine version: 2020.3.15f2 (6cf78cb77498)
[Subsystems] Discovering subsystems at path C:/Program Files/Unity/Hub/Editor/2020.3.15f2/Editor/Data/Resources/UnitySubsystems
[Subsystems] Discovering subsystems at path C:/Users/EKAJ/Documents/FYP/GitHub Folder/Wild-Ireland-FYP/Wild-Ireland-FYP-JakeBolger/Assets
GfxDevice: creating device client; threaded=0
Direct3D:
    Version:  Direct3D 11.0 [level 11.1]
    Renderer: NVIDIA GeForce RTX 3070 (ID=0x2484)
    Vendor:   
    VRAM:     8043 MB
    Driver:   30.0.14.9729
Initialize mono
Mono path[0] = 'C:/Program Files/Unity/Hub/Editor/2020.3.15f2/Editor/Data/Managed'
Mono path[1] = 'C:/Program Files/Unity/Hub/Editor/2020.3.15f2/Editor/Data/MonoBleedingEdge/lib/mono/unityjit'
Mono config path = 'C:/Program Files/Unity/Hub/Editor/2020.3.15f2/Editor/Data/MonoBleedingEdge/etc'
Using monoOptions --debugger-agent=transport=dt_socket,embedding=1,server=y,suspend=n,address=127.0.0.1:56416
Begin MonoManager ReloadAssembly
Registering precompiled unity dll's ...
Register platform support module: C:/Program Files/Unity/Hub/Editor/2020.3.15f2/Editor/Data/PlaybackEngines/WindowsStandaloneSupport/UnityEditor.WindowsStandalone.Extensions.dll
Registered in 0.001475 seconds.
Native extension for WindowsStandalone target not found
Refreshing native plugins compatible for Editor in 24.61 ms, found 2 plugins.
Preloading 0 native plugins for Editor in 0.00 ms.
Mono: successfully reloaded assembly
- Completed reload, in  0.814 seconds
Domain Reload Profiling:
	ReloadAssembly (814ms)
		BeginReloadAssembly (41ms)
			ExecutionOrderSort (0ms)
			DisableScriptedObjects (0ms)
			BackupInstance (0ms)
			ReleaseScriptingObjects (0ms)
			CreateAndSetChildDomain (1ms)
		EndReloadAssembly (307ms)
			LoadAssemblies (39ms)
			RebuildTransferFunctionScriptingTraits (0ms)
			SetupTypeCache (114ms)
			ReleaseScriptCaches (0ms)
			RebuildScriptCaches (24ms)
			SetupLoadedEditorAssemblies (116ms)
				LogAssemblyErrors (0ms)
				InitializePlatformSupportModulesInManaged (3ms)
				SetLoadedEditorAssemblies (0ms)
				RefreshPlugins (25ms)
				BeforeProcessingInitializeOnLoad (5ms)
				ProcessInitializeOnLoadAttributes (62ms)
				ProcessInitializeOnLoadMethodAttributes (21ms)
				AfterProcessingInitializeOnLoad (0ms)
				EditorAssembliesLoaded (0ms)
			ExecutionOrderSort2 (0ms)
			AwakeInstancesAfterBackupRestoration (0ms)
Platform modules already initialized, skipping
Registering precompiled user dll's ...
Registered in 0.002774 seconds.
Begin MonoManager ReloadAssembly
Native extension for WindowsStandalone target not found
Refreshing native plugins compatible for Editor in 0.32 ms, found 2 plugins.
Preloading 0 native plugins for Editor in 0.00 ms.
Mono: successfully reloaded assembly
- Completed reload, in  0.817 seconds
Domain Reload Profiling:
	ReloadAssembly (817ms)
		BeginReloadAssembly (112ms)
			ExecutionOrderSort (0ms)
			DisableScriptedObjects (3ms)
			BackupInstance (0ms)
			ReleaseScriptingObjects (0ms)
			CreateAndSetChildDomain (15ms)
		EndReloadAssembly (655ms)
			LoadAssemblies (63ms)
			RebuildTransferFunctionScriptingTraits (0ms)
			SetupTypeCache (199ms)
			ReleaseScriptCaches (0ms)
			RebuildScriptCaches (33ms)
			SetupLoadedEditorAssemblies (288ms)
				LogAssemblyErrors (0ms)
				InitializePlatformSupportModulesInManaged (4ms)
				SetLoadedEditorAssemblies (0ms)
				RefreshPlugins (0ms)
				BeforeProcessingInitializeOnLoad (40ms)
				ProcessInitializeOnLoadAttributes (236ms)
				ProcessInitializeOnLoadMethodAttributes (3ms)
				AfterProcessingInitializeOnLoad (5ms)
				EditorAssembliesLoaded (0ms)
			ExecutionOrderSort2 (0ms)
			AwakeInstancesAfterBackupRestoration (5ms)
Platform modules already initialized, skipping
========================================================================
Worker process is ready to serve import requests
Launched and connected shader compiler UnityShaderCompiler.exe after 0.04 seconds
Refreshing native plugins compatible for Editor in 0.32 ms, found 2 plugins.
Preloading 0 native plugins for Editor in 0.00 ms.
Unloading 1443 Unused Serialized files (Serialized files now loaded: 0)
System memory in use before: 70.0 MB.
System memory in use after: 70.0 MB.

Unloading 19 unused Assets to reduce memory usage. Loaded Objects now: 1885.
Total: 1.754300 ms (FindLiveObjects: 0.118200 ms CreateObjectMapping: 0.030300 ms MarkObjects: 1.539300 ms  DeleteObjects: 0.065700 ms)

AssetImportParameters requested are different than current active one (requested -> active):
  custom:framework-win-MediaFoundation: 216162199b28c13a410421893ffa2e32 -> 
  custom:video-decoder-ogg-theora: a1e56fd34408186e4bbccfd4996cb3dc -> 
  custom:container-muxer-webm: aa71ff27fc2769a1b78a27578f13a17b -> 
  custom:container-demuxer-webm: 4f35f7cbe854078d1ac9338744f61a02 -> 
  custom:container-demuxer-ogg: 62fdf1f143b41e24485cea50d1cbac27 -> 
  custom:video-encoder-webm-vp8: eb34c28f22e8b96e1ab97ce403110664 -> 
  custom:video-decoder-webm-vp8: 9c59270c3fd7afecdb556c50c9e8de78 -> 
  custom:audio-decoder-ogg-vorbis: bf7c407c2cedff20999df2af8eb42d56 -> 
  custom:audio-encoder-webm-vorbis: bf7c407c2cedff20999df2af8eb42d56 -> 
========================================================================
Received Import Request.
  path: Assets/mATERIAL/Material.002.mat
  artifactKey: Guid(cd936abc919dc4d499d56716b265660a) Importer(815301076,1909f56bfc062723c751e8b465ee728b)
Start importing Assets/mATERIAL/Material.002.mat using Guid(cd936abc919dc4d499d56716b265660a) Importer(815301076,1909f56bfc062723c751e8b465ee728b)  -> (artifact id: 'a10f6c9cd647d24ab23ca4186e84ff21') in 0.082793 seconds 
  Import took 0.085032 seconds .

========================================================================
Received Import Request.
  Time since last request: 0.000182 seconds.
  path: Assets/mATERIAL/Material.001.mat
  artifactKey: Guid(ed6a6c5517b2ae0429741125682fb16d) Importer(815301076,1909f56bfc062723c751e8b465ee728b)
Start importing Assets/mATERIAL/Material.001.mat using Guid(ed6a6c5517b2ae0429741125682fb16d) Importer(815301076,1909f56bfc062723c751e8b465ee728b)  -> (artifact id: 'f3c5b1bd019dce58707595ec817b0f58') in 0.011352 seconds 
  Import took 0.013373 seconds .

========================================================================
Received Import Request.
  Time since last request: 8.914079 seconds.
  path: Assets/Tree_Textures/diffuse.png
  artifactKey: Guid(450532894c6f5074786ce5ef7049aadc) Importer(815301076,1909f56bfc062723c751e8b465ee728b)
Start importing Assets/Tree_Textures/diffuse.png using Guid(450532894c6f5074786ce5ef7049aadc) Importer(815301076,1909f56bfc062723c751e8b465ee728b)  -> (artifact id: 'c21be3fcd5c293105f8ee73eab52c820') in 0.039231 seconds 
  Import took 0.041460 seconds .

========================================================================
Received Import Request.
  Time since last request: 0.000158 seconds.
  path: Assets/Tree_Textures/normal_specular.png
  artifactKey: Guid(a413fe96c62752047801eb40d1faf3d8) Importer(815301076,1909f56bfc062723c751e8b465ee728b)
Start importing Assets/Tree_Textures/normal_specular.png using Guid(a413fe96c62752047801eb40d1faf3d8) Importer(815301076,1909f56bfc062723c751e8b465ee728b)  -> (artifact id: '53d626ef93a838868b4ea96a2c82140f') in 0.016836 seconds 
  Import took 0.018846 seconds .

========================================================================
Received Import Request.
  Time since last request: 0.000166 seconds.
  path: Assets/Tree_Textures/shadow.png
  artifactKey: Guid(f935b2181a6bf564484298e898951ba7) Importer(815301076,1909f56bfc062723c751e8b465ee728b)
Start importing Assets/Tree_Textures/shadow.png using Guid(f935b2181a6bf564484298e898951ba7) Importer(815301076,1909f56bfc062723c751e8b465ee728b)  -> (artifact id: '77c6ae83e6020bad143c20eeeb4ba466') in 0.012639 seconds 
  Import took 0.014528 seconds .

========================================================================
Received Import Request.
  Time since last request: 0.000180 seconds.
  path: Assets/Tree_Textures/normal_specular.png
  artifactKey: Guid(a413fe96c62752047801eb40d1faf3d8) Importer(815301076,1909f56bfc062723c751e8b465ee728b)
Start importing Assets/Tree_Textures/normal_specular.png using Guid(a413fe96c62752047801eb40d1faf3d8) Importer(815301076,1909f56bfc062723c751e8b465ee728b)  -> (artifact id: '53d626ef93a838868b4ea96a2c82140f') in 0.004912 seconds 
  Import took 0.006723 seconds .

========================================================================
Received Import Request.
  Time since last request: 0.000168 seconds.
  path: Assets/Tree_Textures/translucency_gloss.png
  artifactKey: Guid(98e537556e91e2649945a101468036ef) Importer(815301076,1909f56bfc062723c751e8b465ee728b)
Start importing Assets/Tree_Textures/translucency_gloss.png using Guid(98e537556e91e2649945a101468036ef) Importer(815301076,1909f56bfc062723c751e8b465ee728b)  -> (artifact id: 'd4c65ec58f22b20457dc8090f56b52b9') in 0.013267 seconds 
  Import took 0.015127 seconds .

AssetImportWorkerClient::OnTransportError - code=2 error=End of file
